app/build/intermediates/manifest_merge_blame_file/release/manifest-merger-blame-release-report.txt
1<?xml version="1.0" encoding="utf-8"?>
2<manifest xmlns:android="http://schemas.android.com/apk/res/android"
3    package="com.rocky.filmtv"
4    android:versionCode="1"
5    android:versionName="1.0.0" >
6
7    <uses-sdk
8        android:minSdkVersion="21"
9        android:targetSdkVersion="34" />
10
11    <uses-permission android:name="android.permission.INTERNET" />
11-->src\main\AndroidManifest.xml:3:5-67
11-->src\main\AndroidManifest.xml:3:22-64
12
13    <uses-feature
13-->src\main\AndroidManifest.xml:4:5-86
14        android:name="android.software.leanback"
14-->src\main\AndroidManifest.xml:4:19-59
15        android:required="true" />
15-->src\main\AndroidManifest.xml:4:60-83
16    <uses-feature
16-->src\main\AndroidManifest.xml:5:5-90
17        android:name="android.hardware.touchscreen"
17-->src\main\AndroidManifest.xml:5:19-62
18        android:required="false" />
18-->src\main\AndroidManifest.xml:5:63-87
19
20    <uses-permission android:name="android.permission.ACCESS_NETWORK_STATE" />
20-->[androidx.media3:media3-common:1.2.1] AndroidManifest.xml:22:5-79
20-->[androidx.media3:media3-common:1.2.1] AndroidManifest.xml:22:22-76
21
22    <permission
22-->[androidx.core:core:1.12.0] AndroidManifest.xml:22:5-24:47
23        android:name="com.rocky.filmtv.DYNAMIC_RECEIVER_NOT_EXPORTED_PERMISSION"
23-->[androidx.core:core:1.12.0] AndroidManifest.xml:23:9-81
24        android:protectionLevel="signature" />
24-->[androidx.core:core:1.12.0] AndroidManifest.xml:24:9-44
25
26    <uses-permission android:name="com.rocky.filmtv.DYNAMIC_RECEIVER_NOT_EXPORTED_PERMISSION" />
26-->[androidx.core:core:1.12.0] AndroidManifest.xml:26:5-97
26-->[androidx.core:core:1.12.0] AndroidManifest.xml:26:22-94
27
28    <application
28-->src\main\AndroidManifest.xml:7:5-26:19
29        android:name="com.rocky.filmtv.RockyFilmTVApp"
29-->src\main\AndroidManifest.xml:8:9-39
30        android:allowBackup="true"
30-->src\main\AndroidManifest.xml:9:9-35
31        android:appComponentFactory="androidx.core.app.CoreComponentFactory"
31-->[androidx.core:core:1.12.0] AndroidManifest.xml:28:18-86
32        android:extractNativeLibs="true"
33        android:icon="@drawable/ic_launcher"
33-->src\main\AndroidManifest.xml:10:9-45
34        android:label="@string/app_name"
34-->src\main\AndroidManifest.xml:11:9-41
35        android:supportsRtl="true"
35-->src\main\AndroidManifest.xml:12:9-35
36        android:theme="@style/Theme.RockyFilmTV"
36-->src\main\AndroidManifest.xml:14:9-49
37        android:usesCleartextTraffic="true" >
37-->src\main\AndroidManifest.xml:13:9-44
38        <activity
38-->src\main\AndroidManifest.xml:16:9-25:20
39            android:name="com.rocky.filmtv.MainActivity"
39-->src\main\AndroidManifest.xml:17:13-41
40            android:exported="true"
40-->src\main\AndroidManifest.xml:18:13-36
41            android:logo="@drawable/app_banner"
41-->src\main\AndroidManifest.xml:19:13-48
42            android:screenOrientation="landscape" >
42-->src\main\AndroidManifest.xml:20:13-50
43            <intent-filter>
43-->src\main\AndroidManifest.xml:21:13-24:29
44                <action android:name="android.intent.action.MAIN" />
44-->src\main\AndroidManifest.xml:22:17-69
44-->src\main\AndroidManifest.xml:22:25-66
45
46                <category android:name="android.intent.category.LEANBACK_LAUNCHER" />
46-->src\main\AndroidManifest.xml:23:17-86
46-->src\main\AndroidManifest.xml:23:27-83
47            </intent-filter>
48        </activity>
49
50        <provider
50-->[androidx.emoji2:emoji2:1.3.0] AndroidManifest.xml:24:9-32:20
51            android:name="androidx.startup.InitializationProvider"
51-->[androidx.emoji2:emoji2:1.3.0] AndroidManifest.xml:25:13-67
52            android:authorities="com.rocky.filmtv.androidx-startup"
52-->[androidx.emoji2:emoji2:1.3.0] AndroidManifest.xml:26:13-68
53            android:exported="false" >
53-->[androidx.emoji2:emoji2:1.3.0] AndroidManifest.xml:27:13-37
54            <meta-data
54-->[androidx.emoji2:emoji2:1.3.0] AndroidManifest.xml:29:13-31:52
55                android:name="androidx.emoji2.text.EmojiCompatInitializer"
55-->[androidx.emoji2:emoji2:1.3.0] AndroidManifest.xml:30:17-75
56                android:value="androidx.startup" />
56-->[androidx.emoji2:emoji2:1.3.0] AndroidManifest.xml:31:17-49
57            <meta-data
57-->[androidx.lifecycle:lifecycle-process:2.7.0] AndroidManifest.xml:29:13-31:52
58                android:name="androidx.lifecycle.ProcessLifecycleInitializer"
58-->[androidx.lifecycle:lifecycle-process:2.7.0] AndroidManifest.xml:30:17-78
59                android:value="androidx.startup" />
59-->[androidx.lifecycle:lifecycle-process:2.7.0] AndroidManifest.xml:31:17-49
60            <meta-data
60-->[androidx.profileinstaller:profileinstaller:1.3.1] AndroidManifest.xml:29:13-31:52
61                android:name="androidx.profileinstaller.ProfileInstallerInitializer"
61-->[androidx.profileinstaller:profileinstaller:1.3.1] AndroidManifest.xml:30:17-85
62                android:value="androidx.startup" />
62-->[androidx.profileinstaller:profileinstaller:1.3.1] AndroidManifest.xml:31:17-49
63        </provider>
64
65        <service
65-->[androidx.room:room-runtime:2.6.1] AndroidManifest.xml:24:9-28:63
66            android:name="androidx.room.MultiInstanceInvalidationService"
66-->[androidx.room:room-runtime:2.6.1] AndroidManifest.xml:25:13-74
67            android:directBootAware="true"
67-->[androidx.room:room-runtime:2.6.1] AndroidManifest.xml:26:13-43
68            android:exported="false" />
68-->[androidx.room:room-runtime:2.6.1] AndroidManifest.xml:27:13-37
69
70        <receiver
70-->[androidx.profileinstaller:profileinstaller:1.3.1] AndroidManifest.xml:34:9-52:20
71            android:name="androidx.profileinstaller.ProfileInstallReceiver"
71-->[androidx.profileinstaller:profileinstaller:1.3.1] AndroidManifest.xml:35:13-76
72            android:directBootAware="false"
72-->[androidx.profileinstaller:profileinstaller:1.3.1] AndroidManifest.xml:36:13-44
73            android:enabled="true"
73-->[androidx.profileinstaller:profileinstaller:1.3.1] AndroidManifest.xml:37:13-35
74            android:exported="true"
74-->[androidx.profileinstaller:profileinstaller:1.3.1] AndroidManifest.xml:38:13-36
75            android:permission="android.permission.DUMP" >
75-->[androidx.profileinstaller:profileinstaller:1.3.1] AndroidManifest.xml:39:13-57
76            <intent-filter>
76-->[androidx.profileinstaller:profileinstaller:1.3.1] AndroidManifest.xml:40:13-42:29
77                <action android:name="androidx.profileinstaller.action.INSTALL_PROFILE" />
77-->[androidx.profileinstaller:profileinstaller:1.3.1] AndroidManifest.xml:41:17-91
77-->[androidx.profileinstaller:profileinstaller:1.3.1] AndroidManifest.xml:41:25-88
78            </intent-filter>
79            <intent-filter>
79-->[androidx.profileinstaller:profileinstaller:1.3.1] AndroidManifest.xml:43:13-45:29
80                <action android:name="androidx.profileinstaller.action.SKIP_FILE" />
80-->[androidx.profileinstaller:profileinstaller:1.3.1] AndroidManifest.xml:44:17-85
80-->[androidx.profileinstaller:profileinstaller:1.3.1] AndroidManifest.xml:44:25-82
81            </intent-filter>
82            <intent-filter>
82-->[androidx.profileinstaller:profileinstaller:1.3.1] AndroidManifest.xml:46:13-48:29
83                <action android:name="androidx.profileinstaller.action.SAVE_PROFILE" />
83-->[androidx.profileinstaller:profileinstaller:1.3.1] AndroidManifest.xml:47:17-88
83-->[androidx.profileinstaller:profileinstaller:1.3.1] AndroidManifest.xml:47:25-85
84            </intent-filter>
85            <intent-filter>
85-->[androidx.profileinstaller:profileinstaller:1.3.1] AndroidManifest.xml:49:13-51:29
86                <action android:name="androidx.profileinstaller.action.BENCHMARK_OPERATION" />
86-->[androidx.profileinstaller:profileinstaller:1.3.1] AndroidManifest.xml:50:17-95
86-->[androidx.profileinstaller:profileinstaller:1.3.1] AndroidManifest.xml:50:25-92
87            </intent-filter>
88        </receiver>
89    </application>
90
91</manifest>